#
# A fatal error has been detected by the Java Runtime Environment:
#
#  EXCEPTION_ACCESS_VIOLATION (0xc0000005) at pc=0x0000000002175891, pid=5156, tid=5096
#
# JRE version: 6.0_31-b05
# Java VM: Java HotSpot(TM) 64-Bit Server VM (20.6-b01 mixed mode windows-amd64 compressed oops)
# Problematic frame:
# J  java.nio.DirectByteBuffer.get(I)B
#
# If you would like to submit a bug report, please visit:
#   http://java.sun.com/webapps/bugreport/crash.jsp
#

---------------  T H R E A D  ---------------

Current thread (0x000000000054c000):  JavaThread "main" [_thread_in_Java, id=5096, stack(0x0000000000430000,0x0000000000530000)]

siginfo: ExceptionCode=0xc0000005, reading address 0x00000000098eb140

Registers:
RAX=0x00000000bd41e360, RBX=0x00000000bd41e360, RCX=0x00000000eb4e1818, RDX=0x00000000eb4e1818
RSP=0x000000000052f8b0, RBP=0x000000000052f938, RSI=0x00000000ffffffff, RDI=0x00000000020f59c9
R8 =0x0000000000000000, R9 =0x00000000bcba6658, R10=0x00000000098eb140, R11=0x0000000000000000
R12=0x0000000000000000, R13=0x000000000052f8e8, R14=0x00000000bd424e80, R15=0x000000000054c000
RIP=0x0000000002175891, EFLAGS=0x0000000000010287

Top of Stack: (sp=0x000000000052f8b0)
0x000000000052f8b0:   000000000052f8f0 00000000bd41a4f0
0x000000000052f8c0:   00000000bd424928 00000000bd37a910
0x000000000052f8d0:   000000000052f938 00000000020f58fa
0x000000000052f8e0:   00000000020f58fa 0000000000000000
0x000000000052f8f0:   00000000eb4e1818 000000000052f8f8
0x000000000052f900:   00000000bd37ae55 000000000052f950
0x000000000052f910:   00000000bd41a4f0 00000000bd424e80
0x000000000052f920:   00000000bd37aed8 000000000052f8e8
0x000000000052f930:   000000000052f948 000000000052f998
0x000000000052f940:   00000000020f5add 0000000000000000
0x000000000052f950:   00000000eb4e1778 000000000052f958
0x000000000052f960:   00000000bcc97cf4 000000000052f9f8
0x000000000052f970:   00000000bccccb28 0000000000000000
0x000000000052f980:   00000000bcc97df0 000000000052f948
0x000000000052f990:   000000000052f9f0 000000000052fa40
0x000000000052f9a0:   00000000020f5a0e 0000000000000000 

Instructions: (pc=0x0000000002175891)
0x0000000002175871:   84 24 00 a0 ff ff 55 48 83 ec 20 45 85 c0 7c 21
0x0000000002175881:   44 8b 5a 1c 45 3b c3 7d 18 4c 8b 52 10 4d 63 d8
0x0000000002175891:   43 0f be 04 1a 48 83 c4 20 5d 85 05 5f a7 1f fe
0x00000000021758a1:   c3 49 ba e0 2c 42 bd 00 00 00 00 41 8b aa d8 04 


Register to memory mapping:

RAX=0x00000000bd41e360 is an oop
{method} 
 - klass: {other class}
RBX=0x00000000bd41e360 is an oop
{method} 
 - klass: {other class}
RCX=0x00000000eb4e1818 is an oop
java.nio.DirectByteBuffer 
 - klass: 'java/nio/DirectByteBuffer'
RDX=0x00000000eb4e1818 is an oop
java.nio.DirectByteBuffer 
 - klass: 'java/nio/DirectByteBuffer'
RSP=0x000000000052f8b0 is pointing into the stack for thread: 0x000000000054c000
RBP=0x000000000052f938 is pointing into the stack for thread: 0x000000000054c000
RSI=0x00000000ffffffff is an unallocated location in the heap
RDI=0x00000000020f59c9 is an Interpreter codelet
return entry points  [0x00000000020f51e0, 0x00000000020f67a0]  5568 bytes
R8 =0x0000000000000000 is an unknown value
R9 =0x00000000bcba6658 is an oop
{instance class} 
 - klass: {other class}
R10=0x00000000098eb140 is an unknown value
R11=0x0000000000000000 is an unknown value
R12=0x0000000000000000 is an unknown value
R13=0x000000000052f8e8 is pointing into the stack for thread: 0x000000000054c000
R14=0x00000000bd424e80 is an oop
{method data} 
 - klass: {other class}
R15=0x000000000054c000 is a thread


Stack: [0x0000000000430000,0x0000000000530000],  sp=0x000000000052f8b0,  free space=1022k
Native frames: (J=compiled Java code, j=interpreted, Vv=VM code, C=native code)
J  java.nio.DirectByteBuffer.get(I)B
j  MORTCamVisionV1.getTopCorner(Lcom/googlecode/javacv/cpp/opencv_core$IplImage;I)I+36
j  MORTCamVisionV1.main([Ljava/lang/String;)V+106
v  ~StubRoutines::call_stub
V  [jvm.dll+0x1e9da7]


---------------  P R O C E S S  ---------------

Java Threads: ( => current thread )
  0x0000000006170000 JavaThread "AWT-EventQueue-0" [_thread_blocked, id=6168, stack(0x0000000006f40000,0x0000000007040000)]
  0x00000000060bd800 JavaThread "AWT-Windows" daemon [_thread_in_native, id=5568, stack(0x0000000006a30000,0x0000000006b30000)]
  0x00000000060ac800 JavaThread "AWT-Shutdown" [_thread_blocked, id=5792, stack(0x0000000006930000,0x0000000006a30000)]
  0x00000000060ab800 JavaThread "Java2D Disposer" daemon [_thread_blocked, id=4896, stack(0x0000000006830000,0x0000000006930000)]
  0x000000000605e800 JavaThread "Low Memory Detector" daemon [_thread_blocked, id=6804, stack(0x0000000006350000,0x0000000006450000)]
  0x000000000605c800 JavaThread "C2 CompilerThread1" daemon [_thread_blocked, id=6388, stack(0x0000000006250000,0x0000000006350000)]
  0x0000000001d69800 JavaThread "C2 CompilerThread0" daemon [_thread_blocked, id=2720, stack(0x0000000005f50000,0x0000000006050000)]
  0x0000000001d67800 JavaThread "Attach Listener" daemon [_thread_blocked, id=6180, stack(0x0000000005e50000,0x0000000005f50000)]
  0x0000000001d64000 JavaThread "Signal Dispatcher" daemon [_thread_blocked, id=2472, stack(0x0000000005d50000,0x0000000005e50000)]
  0x0000000001d31800 JavaThread "Finalizer" daemon [_thread_blocked, id=6324, stack(0x0000000005c50000,0x0000000005d50000)]
  0x0000000001d29800 JavaThread "Reference Handler" daemon [_thread_blocked, id=7048, stack(0x0000000005b50000,0x0000000005c50000)]
=>0x000000000054c000 JavaThread "main" [_thread_in_Java, id=5096, stack(0x0000000000430000,0x0000000000530000)]

Other Threads:
  0x0000000001d22000 VMThread [stack: 0x0000000005a50000,0x0000000005b50000] [id=3780]
  0x0000000006068800 WatcherThread [stack: 0x0000000006450000,0x0000000006550000] [id=6196]

VM state:not at safepoint (normal execution)

VM Mutex/Monitor currently owned by a thread: None

Heap
 PSYoungGen      total 18560K, used 3552K [0x00000000eb400000, 0x00000000ec8b0000, 0x0000000100000000)
  eden space 15936K, 6% used [0x00000000eb400000,0x00000000eb4effe0,0x00000000ec390000)
  from space 2624K, 98% used [0x00000000ec620000,0x00000000ec8a8030,0x00000000ec8b0000)
  to   space 2624K, 0% used [0x00000000ec390000,0x00000000ec390000,0x00000000ec620000)
 PSOldGen        total 42496K, used 18812K [0x00000000c1c00000, 0x00000000c4580000, 0x00000000eb400000)
  object space 42496K, 44% used [0x00000000c1c00000,0x00000000c2e5f360,0x00000000c4580000)
 PSPermGen       total 21248K, used 10592K [0x00000000bca00000, 0x00000000bdec0000, 0x00000000c1c00000)
  object space 21248K, 49% used [0x00000000bca00000,0x00000000bd458108,0x00000000bdec0000)

Code Cache  [0x00000000020f0000, 0x0000000002360000, 0x00000000050f0000)
 total_blobs=466 nmethods=40 adapters=380 free_code_cache=49725184 largest_free_block=9472

Dynamic libraries:
0x0000000000400000 - 0x000000000042f000 	C:\Program Files\Java\jre6\bin\javaw.exe
0x000007fedfae0000 - 0x000007fedfca0000 	C:\Windows\SYSTEM32\ntdll.dll
0x000007fedeba0000 - 0x000007fedecd6000 	C:\Windows\system32\KERNEL32.DLL
0x000007fedcd70000 - 0x000007fedce63000 	C:\Windows\system32\KERNELBASE.dll
0x000007fedf6d0000 - 0x000007fedf7ae000 	C:\Windows\system32\ADVAPI32.dll
0x000007fedced0000 - 0x000007fedd01c000 	C:\Windows\system32\USER32.dll
0x000007fedeef0000 - 0x000007fedef95000 	C:\Windows\system32\msvcrt.dll
0x000007fede6f0000 - 0x000007fede738000 	C:\Windows\SYSTEM32\sechost.dll
0x000007fedf150000 - 0x000007fedf295000 	C:\Windows\system32\RPCRT4.dll
0x000007fedece0000 - 0x000007fedee21000 	C:\Windows\system32\GDI32.dll
0x000007fede5e0000 - 0x000007fede619000 	C:\Windows\system32\IMM32.DLL
0x000007fedf350000 - 0x000007fedf465000 	C:\Windows\system32\MSCTF.dll
0x000000006d800000 - 0x000000006dfb8000 	C:\Program Files\Java\jre6\bin\server\jvm.dll
0x000007fecf910000 - 0x000007fecf930000 	C:\Windows\SYSTEM32\WINMM.dll
0x000007fecf8d0000 - 0x000007fecf902000 	C:\Windows\SYSTEM32\WINMMBASE.dll
0x000000006d770000 - 0x000000006d77e000 	C:\Program Files\Java\jre6\bin\verify.dll
0x000000006d3b0000 - 0x000000006d3d7000 	C:\Program Files\Java\jre6\bin\java.dll
0x000000006d7c0000 - 0x000000006d7d2000 	C:\Program Files\Java\jre6\bin\zip.dll
0x000000006d000000 - 0x000000006d1c4000 	C:\Program Files\Java\jre6\bin\awt.dll
0x000007fed0860000 - 0x000007fed08dd000 	C:\Windows\SYSTEM32\WINSPOOL.DRV
0x000007fedea20000 - 0x000007fedeb9e000 	C:\Windows\system32\ole32.dll
0x000007fedd300000 - 0x000007fede5e0000 	C:\Windows\system32\SHELL32.dll
0x000007feda970000 - 0x000007fedabda000 	C:\Windows\WinSxS\amd64_microsoft.windows.common-controls_6595b64144ccf1df_6.0.9200.16579_none_418ab7ef718b27ef\COMCTL32.dll
0x000007fedefa0000 - 0x000007fedf150000 	C:\Windows\SYSTEM32\combase.dll
0x000007fede740000 - 0x000007fede790000 	C:\Windows\system32\SHLWAPI.dll
0x000007fed7ec0000 - 0x000007fed7f5f000 	C:\Windows\system32\apphelp.dll
0x000007fedabe0000 - 0x000007fedac01000 	C:\Windows\system32\DWMAPI.DLL
0x000007fedb820000 - 0x000007fedb906000 	C:\Windows\system32\uxtheme.dll
0x000000006d2a0000 - 0x000000006d307000 	C:\Program Files\Java\jre6\bin\fontmanager.dll
0x000007fedc7d0000 - 0x000007fedc7da000 	C:\Windows\SYSTEM32\CRYPTBASE.dll
0x000007fedc770000 - 0x000007fedc7cc000 	C:\Windows\SYSTEM32\bcryptPrimitives.dll
0x000007fedadd0000 - 0x000007fedae66000 	C:\Windows\SYSTEM32\shcore.dll
0x000007fedf2b0000 - 0x000007fedf346000 	C:\Windows\SYSTEM32\clbcatq.dll
0x000007fedd030000 - 0x000007fedd0f3000 	C:\Windows\system32\OLEAUT32.dll
0x00000000707d0000 - 0x00000000708a2000 	C:\Windows\System32\msvcr100.dll
0x0000000070730000 - 0x00000000707c8000 	C:\Windows\System32\msvcp100.dll
0x000007fec4730000 - 0x000007fec499b000 	C:\opencv\build\x64\vc10\bin\opencv_core245.dll
0x000007fec8370000 - 0x000007fec8406000 	C:\Users\Chintalapudi\AppData\Local\Temp\javacpp10781469407758\jniopencv_core.dll
0x000007fec4480000 - 0x000007fec472a000 	C:\opencv\build\x64\vc10\bin\opencv_imgproc245.dll
0x000007fed7000000 - 0x000007fed704b000 	C:\Users\Chintalapudi\AppData\Local\Temp\javacpp10781469407758\jniopencv_imgproc.dll
0x0000000066840000 - 0x00000000675ca000 	C:\opencv\build\x64\vc10\bin\opencv_ffmpeg245_64.dll
0x000007fede620000 - 0x000007fede678000 	C:\Windows\system32\WS2_32.dll
0x000007feca5a0000 - 0x000007feca5a9000 	C:\Windows\SYSTEM32\WSOCK32.dll
0x000007fedf470000 - 0x000007fedf479000 	C:\Windows\system32\NSI.dll
0x000007fec4230000 - 0x000007fec4480000 	C:\opencv\build\x64\vc10\bin\opencv_highgui245.dll
0x000007fecf9d0000 - 0x000007fecf9f0000 	C:\Windows\SYSTEM32\AVIFIL32.dll
0x000007fecda20000 - 0x000007fecda49000 	C:\Windows\SYSTEM32\MSVFW32.dll
0x000007fecf8b0000 - 0x000007fecf8c7000 	C:\Windows\SYSTEM32\AVICAP32.dll
0x000007fed7070000 - 0x000007fed7089000 	C:\Windows\SYSTEM32\MSACM32.dll
0x000007fed8e70000 - 0x000007fed8e79000 	C:\Windows\SYSTEM32\VERSION.dll
0x000007fed0100000 - 0x000007fed0113000 	C:\Users\Chintalapudi\AppData\Local\Temp\javacpp10781469407758\jniopencv_highgui.dll
0x000007fecd870000 - 0x000007fecd887000 	C:\Windows\System32\devenum.dll
0x000007fedf910000 - 0x000007fedfae0000 	C:\Windows\system32\setupapi.dll
0x000007fedcc70000 - 0x000007fedccbf000 	C:\Windows\system32\CFGMGR32.dll
0x000007fedcc40000 - 0x000007fedcc62000 	C:\Windows\system32\DEVOBJ.dll
0x000007fedb5c0000 - 0x000007fedb5ee000 	C:\Windows\SYSTEM32\ntmarta.dll
0x000007fedce70000 - 0x000007fedcec5000 	C:\Windows\system32\WINTRUST.dll
0x000007fedca60000 - 0x000007fedcc31000 	C:\Windows\system32\CRYPT32.dll
0x000007fedca40000 - 0x000007fedca56000 	C:\Windows\system32\MSASN1.dll
0x000007fed7060000 - 0x000007fed706d000 	C:\Windows\SYSTEM32\msdmo.dll
0x000007fecd840000 - 0x000007fecd86f000 	C:\Windows\System32\qcap.dll
0x000007fec8090000 - 0x000007fec8248000 	C:\Windows\System32\quartz.dll
0x000007fecd790000 - 0x000007fecd7cf000 	C:\Windows\System32\ksproxy.ax
0x000007fed0040000 - 0x000007fed0047000 	C:\Windows\System32\ksuser.dll
0x000007fec7610000 - 0x000007fec7810000 	C:\Windows\System32\d3d9.dll
0x000007fed2430000 - 0x000007fed243c000 	C:\Windows\System32\vidcap.ax
0x000007fecd760000 - 0x000007fecd784000 	C:\Windows\System32\kswdmcap.ax
0x000007fec40d0000 - 0x000007fec4224000 	C:\Windows\System32\MFC42.dll
0x000007fec78a0000 - 0x000007fec795e000 	C:\Windows\System32\ODBC32.dll
0x000007fec4030000 - 0x000007fec40c5000 	C:\Windows\System32\qedit.dll
0x000007fedee40000 - 0x000007fedeee1000 	C:\Windows\system32\COMDLG32.dll
0x000007fed2480000 - 0x000007fed2620000 	C:\Windows\WinSxS\amd64_microsoft.windows.gdiplus_6595b64144ccf1df_1.1.9200.16518_none_726fbfe0cc22f012\gdiplus.dll
0x000007fec3f40000 - 0x000007fec402a000 	C:\Windows\SYSTEM32\DDRAW.dll
0x000007fed1960000 - 0x000007fed1968000 	C:\Windows\SYSTEM32\DCIMAN32.dll
0x000007fed0940000 - 0x000007fed094b000 	C:\Windows\SYSTEM32\msyuv.dll
0x000007fedd020000 - 0x000007fedd027000 	C:\Windows\system32\PSAPI.DLL

VM Arguments:
jvm_args: -Dfile.encoding=Cp1252 
java_command: MORTCamVisionV1
Launcher Type: SUN_STANDARD

Environment Variables:
CLASSPATH=C:\opencv\build\x86\vc10\lib;C:\opencv\b­uild\common\tbb\ia32\vc10;C:\opencv\buil­d\x86\vc10\staticlib;LASSPATH
PATH=C:\Program Files (x86)\Intel\iCLS Client\;C:\Program Files\Intel\iCLS Client\;C:\Windows\system32;C:\Windows;C:\Windows\System32\Wbem;C:\Windows\System32\WindowsPowerShell\v1.0\;C:\Program Files (x86)\Intel\OpenCL SDK\2.0\bin\x86;C:\Program Files (x86)\Intel\OpenCL SDK\2.0\bin\x64;C:\Program Files\Intel\Intel(R) Management Engine Components\DAL;C:\Program Files\Intel\Intel(R) Management Engine Components\IPT;C:\Program Files (x86)\Intel\Intel(R) Management Engine Components\DAL;C:\Program Files (x86)\Intel\Intel(R) Management Engine Components\IPT;C:\Program Files\Microsoft\Web Platform Installer\;C:\Program Files (x86)\Windows Live\Shared;C:\opencv\build\x64\vc10\bin;C:\opencv\build\x64\vc10\bin
USERNAME=admin
OS=Windows_NT
PROCESSOR_IDENTIFIER=Intel64 Family 6 Model 42 Stepping 7, GenuineIntel



---------------  S Y S T E M  ---------------

OS: Windows NT 6.2 Build 9200 

CPU:total 2 (2 cores per cpu, 1 threads per core) family 6 model 42 stepping 7, cmov, cx8, fxsr, mmx, sse, sse2, sse3, ssse3, sse4.1, sse4.2, popcnt

Memory: 4k page, physical 4075336k(1899340k free), swap 8269640k(5544368k free)

vm_info: Java HotSpot(TM) 64-Bit Server VM (20.6-b01) for windows-amd64 JRE (1.6.0_31-b05), built on Feb  3 2012 18:34:57 by "java_re" with MS VC++ 8.0 (VS2005)

time: Mon Aug 19 14:12:40 2013
elapsed time: 9 seconds

