#
# A fatal error has been detected by the Java Runtime Environment:
#
#  EXCEPTION_ACCESS_VIOLATION (0xc0000005) at pc=0x00000000021f7251, pid=4480, tid=3392
#
# JRE version: 6.0_31-b05
# Java VM: Java HotSpot(TM) 64-Bit Server VM (20.6-b01 mixed mode windows-amd64 compressed oops)
# Problematic frame:
# J  java.nio.DirectByteBuffer.get(I)B
#
# If you would like to submit a bug report, please visit:
#   http://java.sun.com/webapps/bugreport/crash.jsp
#

---------------  T H R E A D  ---------------

Current thread (0x000000000060c000):  JavaThread "main" [_thread_in_Java, id=3392, stack(0x0000000001f70000,0x0000000002070000)]

siginfo: ExceptionCode=0xc0000005, reading address 0x00000000087170e0

Registers:
RAX=0x00000000bd41e4d8, RBX=0x00000000bd41e4d8, RCX=0x00000000eb44c098, RDX=0x00000000eb44c098
RSP=0x000000000206f8b0, RBP=0x000000000206f938, RSI=0x00000000ffffffff, RDI=0x00000000021759c9
R8 =0x0000000000000000, R9 =0x00000000bcba6658, R10=0x00000000087170e0, R11=0x0000000000000000
R12=0x0000000000000000, R13=0x000000000206f8e8, R14=0x00000000bd424ff8, R15=0x000000000060c000
RIP=0x00000000021f7251, EFLAGS=0x0000000000010287

Top of Stack: (sp=0x000000000206f8b0)
0x000000000206f8b0:   000000000206f8f0 00000000bd41a668
0x000000000206f8c0:   00000000bd424aa0 00000000bd37a910
0x000000000206f8d0:   000000000206f938 00000000021758fa
0x000000000206f8e0:   00000000021758fa 0000000000000000
0x000000000206f8f0:   00000000eb44c098 000000000206f8f8
0x000000000206f900:   00000000bd37ae55 000000000206f950
0x000000000206f910:   00000000bd41a668 00000000bd424ff8
0x000000000206f920:   00000000bd37aed8 000000000206f8e8
0x000000000206f930:   000000000206f948 000000000206f998
0x000000000206f940:   0000000002175add 0000000000000000
0x000000000206f950:   00000000eb44bff8 000000000206f958
0x000000000206f960:   00000000bcc97cf4 000000000206f9f8
0x000000000206f970:   00000000bccccb28 0000000000000000
0x000000000206f980:   00000000bcc97df0 000000000206f948
0x000000000206f990:   000000000206f9f0 000000000206fa40
0x000000000206f9a0:   0000000002175a0e 0000000000000000 

Instructions: (pc=0x00000000021f7251)
0x00000000021f7231:   84 24 00 a0 ff ff 55 48 83 ec 20 45 85 c0 7c 21
0x00000000021f7241:   44 8b 5a 1c 45 3b c3 7d 18 4c 8b 52 10 4d 63 d8
0x00000000021f7251:   43 0f be 04 1a 48 83 c4 20 5d 85 05 9f 8d 17 fe
0x00000000021f7261:   c3 49 ba 58 2e 42 bd 00 00 00 00 41 8b aa d8 04 


Register to memory mapping:

RAX=0x00000000bd41e4d8 is an oop
{method} 
 - klass: {other class}
RBX=0x00000000bd41e4d8 is an oop
{method} 
 - klass: {other class}
RCX=0x00000000eb44c098 is an oop
java.nio.DirectByteBuffer 
 - klass: 'java/nio/DirectByteBuffer'
RDX=0x00000000eb44c098 is an oop
java.nio.DirectByteBuffer 
 - klass: 'java/nio/DirectByteBuffer'
RSP=0x000000000206f8b0 is pointing into the stack for thread: 0x000000000060c000
RBP=0x000000000206f938 is pointing into the stack for thread: 0x000000000060c000
RSI=0x00000000ffffffff is an unallocated location in the heap
RDI=0x00000000021759c9 is an Interpreter codelet
return entry points  [0x00000000021751e0, 0x00000000021767a0]  5568 bytes
R8 =0x0000000000000000 is an unknown value
R9 =0x00000000bcba6658 is an oop
{instance class} 
 - klass: {other class}
R10=0x00000000087170e0 is an unknown value
R11=0x0000000000000000 is an unknown value
R12=0x0000000000000000 is an unknown value
R13=0x000000000206f8e8 is pointing into the stack for thread: 0x000000000060c000
R14=0x00000000bd424ff8 is an oop
{method data} 
 - klass: {other class}
R15=0x000000000060c000 is a thread


Stack: [0x0000000001f70000,0x0000000002070000],  sp=0x000000000206f8b0,  free space=1022k
Native frames: (J=compiled Java code, j=interpreted, Vv=VM code, C=native code)
J  java.nio.DirectByteBuffer.get(I)B
j  MORTCamVisionV1.getTopCorner(Lcom/googlecode/javacv/cpp/opencv_core$IplImage;I)I+36
j  MORTCamVisionV1.main([Ljava/lang/String;)V+106
v  ~StubRoutines::call_stub
V  [jvm.dll+0x1e9da7]


---------------  P R O C E S S  ---------------

Java Threads: ( => current thread )
  0x000000000601a000 JavaThread "AWT-EventQueue-0" [_thread_blocked, id=4888, stack(0x0000000006ee0000,0x0000000006fe0000)]
  0x0000000006019000 JavaThread "AWT-Windows" daemon [_thread_in_native, id=2664, stack(0x00000000069d0000,0x0000000006ad0000)]
  0x0000000006018000 JavaThread "AWT-Shutdown" [_thread_blocked, id=4120, stack(0x00000000068d0000,0x00000000069d0000)]
  0x000000000601b800 JavaThread "Java2D Disposer" daemon [_thread_blocked, id=4324, stack(0x00000000067d0000,0x00000000068d0000)]
  0x0000000006019800 JavaThread "Low Memory Detector" daemon [_thread_blocked, id=1172, stack(0x0000000006310000,0x0000000006410000)]
  0x000000000216e800 JavaThread "C2 CompilerThread1" daemon [_thread_blocked, id=4592, stack(0x0000000006210000,0x0000000006310000)]
  0x0000000002169800 JavaThread "C2 CompilerThread0" daemon [_thread_blocked, id=3516, stack(0x0000000005f10000,0x0000000006010000)]
  0x0000000002168800 JavaThread "Attach Listener" daemon [_thread_blocked, id=3144, stack(0x0000000005e10000,0x0000000005f10000)]
  0x0000000002165000 JavaThread "Signal Dispatcher" daemon [_thread_blocked, id=4572, stack(0x0000000005d10000,0x0000000005e10000)]
  0x000000000212b800 JavaThread "Finalizer" daemon [_thread_blocked, id=4588, stack(0x0000000005c10000,0x0000000005d10000)]
  0x0000000002129000 JavaThread "Reference Handler" daemon [_thread_blocked, id=680, stack(0x0000000005b10000,0x0000000005c10000)]
=>0x000000000060c000 JavaThread "main" [_thread_in_Java, id=3392, stack(0x0000000001f70000,0x0000000002070000)]

Other Threads:
  0x0000000002121800 VMThread [stack: 0x0000000005a10000,0x0000000005b10000] [id=4492]
  0x0000000006031000 WatcherThread [stack: 0x0000000006410000,0x0000000006510000] [id=3792]

VM state:not at safepoint (normal execution)

VM Mutex/Monitor currently owned by a thread: None

Heap
 PSYoungGen      total 18560K, used 3731K [0x00000000eb400000, 0x00000000ec8b0000, 0x0000000100000000)
  eden space 15936K, 8% used [0x00000000eb400000,0x00000000eb542d18,0x00000000ec390000)
  from space 2624K, 92% used [0x00000000ec390000,0x00000000ec5f2030,0x00000000ec620000)
  to   space 2624K, 0% used [0x00000000ec620000,0x00000000ec620000,0x00000000ec8b0000)
 PSOldGen        total 42496K, used 13800K [0x00000000c1c00000, 0x00000000c4580000, 0x00000000eb400000)
  object space 42496K, 32% used [0x00000000c1c00000,0x00000000c297a200,0x00000000c4580000)
 PSPermGen       total 21248K, used 10592K [0x00000000bca00000, 0x00000000bdec0000, 0x00000000c1c00000)
  object space 21248K, 49% used [0x00000000bca00000,0x00000000bd4581e8,0x00000000bdec0000)

Code Cache  [0x0000000002170000, 0x00000000023e0000, 0x0000000005170000)
 total_blobs=466 nmethods=40 adapters=380 free_code_cache=49725248 largest_free_block=9472

Dynamic libraries:
0x0000000000400000 - 0x000000000042f000 	C:\Program Files\Java\jre6\bin\javaw.exe
0x000007fe58460000 - 0x000007fe58620000 	C:\Windows\SYSTEM32\ntdll.dll
0x000007fe55a90000 - 0x000007fe55bc6000 	C:\Windows\system32\KERNEL32.DLL
0x000007fe55520000 - 0x000007fe55613000 	C:\Windows\system32\KERNELBASE.dll
0x000007fe58200000 - 0x000007fe582de000 	C:\Windows\system32\ADVAPI32.dll
0x000007fe55e70000 - 0x000007fe55fbc000 	C:\Windows\system32\USER32.dll
0x000007fe55fc0000 - 0x000007fe56065000 	C:\Windows\system32\msvcrt.dll
0x000007fe58340000 - 0x000007fe58388000 	C:\Windows\SYSTEM32\sechost.dll
0x000007fe574e0000 - 0x000007fe57625000 	C:\Windows\system32\RPCRT4.dll
0x000007fe57a10000 - 0x000007fe57b51000 	C:\Windows\system32\GDI32.dll
0x000007fe55e30000 - 0x000007fe55e69000 	C:\Windows\system32\IMM32.DLL
0x000007fe573c0000 - 0x000007fe574d5000 	C:\Windows\system32\MSCTF.dll
0x000000006d800000 - 0x000000006dfb8000 	C:\Program Files\Java\jre6\bin\server\jvm.dll
0x000007fe4a690000 - 0x000007fe4a6b0000 	C:\Windows\SYSTEM32\WINMM.dll
0x000007fe4a650000 - 0x000007fe4a682000 	C:\Windows\SYSTEM32\WINMMBASE.dll
0x000000006d770000 - 0x000000006d77e000 	C:\Program Files\Java\jre6\bin\verify.dll
0x000000006d3b0000 - 0x000000006d3d7000 	C:\Program Files\Java\jre6\bin\java.dll
0x000000006d7c0000 - 0x000000006d7d2000 	C:\Program Files\Java\jre6\bin\zip.dll
0x000000006d000000 - 0x000000006d1c4000 	C:\Program Files\Java\jre6\bin\awt.dll
0x000007fe4aa20000 - 0x000007fe4aa9d000 	C:\Windows\SYSTEM32\WINSPOOL.DRV
0x000007fe57890000 - 0x000007fe57a0e000 	C:\Windows\system32\ole32.dll
0x000007fe56070000 - 0x000007fe57350000 	C:\Windows\system32\SHELL32.dll
0x000007fe53140000 - 0x000007fe533aa000 	C:\Windows\WinSxS\amd64_microsoft.windows.common-controls_6595b64144ccf1df_6.0.9200.16579_none_418ab7ef718b27ef\COMCTL32.dll
0x000007fe57df0000 - 0x000007fe57fa0000 	C:\Windows\SYSTEM32\combase.dll
0x000007fe57350000 - 0x000007fe573a0000 	C:\Windows\system32\SHLWAPI.dll
0x000007fe50a50000 - 0x000007fe50aef000 	C:\Windows\system32\apphelp.dll
0x000007fe53e50000 - 0x000007fe53e71000 	C:\Windows\system32\DWMAPI.DLL
0x000007fe541a0000 - 0x000007fe54286000 	C:\Windows\system32\uxtheme.dll
0x000000006d2a0000 - 0x000000006d307000 	C:\Program Files\Java\jre6\bin\fontmanager.dll
0x000007fe55150000 - 0x000007fe5515a000 	C:\Windows\SYSTEM32\CRYPTBASE.dll
0x000007fe550f0000 - 0x000007fe5514c000 	C:\Windows\SYSTEM32\bcryptPrimitives.dll
0x000007fe53e80000 - 0x000007fe53f16000 	C:\Windows\SYSTEM32\shcore.dll
0x000007fe55bd0000 - 0x000007fe55c66000 	C:\Windows\SYSTEM32\clbcatq.dll
0x000007fe58390000 - 0x000007fe58453000 	C:\Windows\system32\OLEAUT32.dll
0x000000006c3c0000 - 0x000000006c492000 	C:\Windows\System32\msvcr100.dll
0x000000006c320000 - 0x000000006c3b8000 	C:\Windows\System32\msvcp100.dll
0x000007fe41770000 - 0x000007fe419db000 	C:\opencv\build\x64\vc10\bin\opencv_core245.dll
0x000007fe45e50000 - 0x000007fe45ee6000 	C:\Users\Chintalapudi\AppData\Local\Temp\javacpp305682063994\jniopencv_core.dll
0x000007fe414c0000 - 0x000007fe4176a000 	C:\opencv\build\x64\vc10\bin\opencv_imgproc245.dll
0x000007fe48690000 - 0x000007fe486db000 	C:\Users\Chintalapudi\AppData\Local\Temp\javacpp305682063994\jniopencv_imgproc.dll
0x0000000066840000 - 0x00000000675ca000 	C:\opencv\build\x64\vc10\bin\opencv_ffmpeg245_64.dll
0x000007fe582e0000 - 0x000007fe58338000 	C:\Windows\system32\WS2_32.dll
0x000007fe4ae00000 - 0x000007fe4ae09000 	C:\Windows\SYSTEM32\WSOCK32.dll
0x000007fe573a0000 - 0x000007fe573a9000 	C:\Windows\system32\NSI.dll
0x000007fe41270000 - 0x000007fe414c0000 	C:\opencv\build\x64\vc10\bin\opencv_highgui245.dll
0x000007fe4f940000 - 0x000007fe4f960000 	C:\Windows\SYSTEM32\AVIFIL32.dll
0x000007fe4a100000 - 0x000007fe4a129000 	C:\Windows\SYSTEM32\MSVFW32.dll
0x000007fe4f900000 - 0x000007fe4f917000 	C:\Windows\SYSTEM32\AVICAP32.dll
0x000007fe48670000 - 0x000007fe48689000 	C:\Windows\SYSTEM32\MSACM32.dll
0x000007fe51790000 - 0x000007fe51799000 	C:\Windows\SYSTEM32\VERSION.dll
0x000007fe48650000 - 0x000007fe48663000 	C:\Users\Chintalapudi\AppData\Local\Temp\javacpp305682063994\jniopencv_highgui.dll
0x000007fe47b00000 - 0x000007fe47b17000 	C:\Windows\System32\devenum.dll
0x000007fe55850000 - 0x000007fe55a20000 	C:\Windows\system32\setupapi.dll
0x000007fe55620000 - 0x000007fe5566f000 	C:\Windows\system32\CFGMGR32.dll
0x000007fe553e0000 - 0x000007fe55402000 	C:\Windows\system32\DEVOBJ.dll
0x000007fe53f40000 - 0x000007fe53f6e000 	C:\Windows\SYSTEM32\ntmarta.dll
0x000007fe55410000 - 0x000007fe55465000 	C:\Windows\system32\WINTRUST.dll
0x000007fe55670000 - 0x000007fe55841000 	C:\Windows\system32\CRYPT32.dll
0x000007fe553c0000 - 0x000007fe553d6000 	C:\Windows\system32\MSASN1.dll
0x000007fe4f760000 - 0x000007fe4f76d000 	C:\Windows\SYSTEM32\msdmo.dll
0x000007fe45d30000 - 0x000007fe45d5f000 	C:\Windows\System32\qcap.dll
0x000007fe44350000 - 0x000007fe44508000 	C:\Windows\System32\quartz.dll
0x000007fe42b40000 - 0x000007fe42b7f000 	C:\Windows\System32\ksproxy.ax
0x000007fe4f770000 - 0x000007fe4f777000 	C:\Windows\System32\ksuser.dll
0x000007fe41070000 - 0x000007fe41270000 	C:\Windows\System32\d3d9.dll
0x000007fe4a0f0000 - 0x000007fe4a0fc000 	C:\Windows\System32\vidcap.ax
0x000007fe45d00000 - 0x000007fe45d24000 	C:\Windows\System32\kswdmcap.ax
0x000007fe40f10000 - 0x000007fe41064000 	C:\Windows\System32\MFC42.dll
0x000007fe40e50000 - 0x000007fe40f0e000 	C:\Windows\System32\ODBC32.dll
0x000007fe40db0000 - 0x000007fe40e45000 	C:\Windows\System32\qedit.dll
0x000007fe58140000 - 0x000007fe581e1000 	C:\Windows\system32\COMDLG32.dll
0x000007fe4aaa0000 - 0x000007fe4ac40000 	C:\Windows\WinSxS\amd64_microsoft.windows.gdiplus_6595b64144ccf1df_1.1.9200.16518_none_726fbfe0cc22f012\gdiplus.dll
0x000007fe40cc0000 - 0x000007fe40daa000 	C:\Windows\SYSTEM32\DDRAW.dll
0x000007fe47af0000 - 0x000007fe47af8000 	C:\Windows\SYSTEM32\DCIMAN32.dll
0x000007fe47ae0000 - 0x000007fe47aeb000 	C:\Windows\SYSTEM32\msyuv.dll
0x000007fe573b0000 - 0x000007fe573b7000 	C:\Windows\system32\PSAPI.DLL

VM Arguments:
jvm_args: -Dfile.encoding=Cp1252 
java_command: MORTCamVisionV1
Launcher Type: SUN_STANDARD

Environment Variables:
CLASSPATH=C:\opencv\build\x86\vc10\lib;C:\opencv\b­uild\common\tbb\ia32\vc10;C:\opencv\buil­d\x86\vc10\staticlib;LASSPATH
PATH=C:\Program Files (x86)\Intel\iCLS Client\;C:\Program Files\Intel\iCLS Client\;C:\Windows\system32;C:\Windows;C:\Windows\System32\Wbem;C:\Windows\System32\WindowsPowerShell\v1.0\;C:\Program Files (x86)\Intel\OpenCL SDK\2.0\bin\x86;C:\Program Files (x86)\Intel\OpenCL SDK\2.0\bin\x64;C:\Program Files\Intel\Intel(R) Management Engine Components\DAL;C:\Program Files\Intel\Intel(R) Management Engine Components\IPT;C:\Program Files (x86)\Intel\Intel(R) Management Engine Components\DAL;C:\Program Files (x86)\Intel\Intel(R) Management Engine Components\IPT;C:\Program Files\Microsoft\Web Platform Installer\;C:\Program Files (x86)\Windows Live\Shared;C:\opencv\build\x64\vc10\bin;C:\opencv\build\x64\vc10\bin
USERNAME=admin
OS=Windows_NT
PROCESSOR_IDENTIFIER=Intel64 Family 6 Model 42 Stepping 7, GenuineIntel



---------------  S Y S T E M  ---------------

OS: Windows NT 6.2 Build 9200 

CPU:total 2 (2 cores per cpu, 1 threads per core) family 6 model 42 stepping 7, cmov, cx8, fxsr, mmx, sse, sse2, sse3, ssse3, sse4.1, sse4.2, popcnt

Memory: 4k page, physical 4075336k(2480400k free), swap 8269640k(6503620k free)

vm_info: Java HotSpot(TM) 64-Bit Server VM (20.6-b01) for windows-amd64 JRE (1.6.0_31-b05), built on Feb  3 2012 18:34:57 by "java_re" with MS VC++ 8.0 (VS2005)

time: Thu Aug 22 10:26:43 2013
elapsed time: 6 seconds

